<?xml version="1.0" encoding="UTF-8"?>
<!-- Generated by org.testng.reporters.JUnitXMLReporter -->
<testsuite hostname="DESKTOP-HD4PT0A" ignored="0" name="BankingApp Test" tests="9" failures="0" timestamp="2021-11-02T17:53:05 IST" time="275.506" errors="0">
  <testcase name="login" time="7.232" classname="com.digistores.testcases.TC_001_Login"/>
  <testcase name="TravelVouchersSection" time="4.612" classname="com.digistores.testcases.TC_002_HomepageElements"/>
  <testcase name="VouchersSection" time="4.346" classname="com.digistores.testcases.TC_002_HomepageElements"/>
  <testcase name="banner" time="2.104" classname="com.digistores.testcases.TC_002_HomepageElements"/>
  <testcase name="quiklinks" time="4.322" classname="com.digistores.testcases.TC_002_HomepageElements"/>
  <testcase name="Qvoucher" time="6.095" classname="com.digistores.testcases.TC_003_Quicklinks"/>
  <testcase name="AccrualPayment" time="63.303" classname="com.digistores.testcases.TC_004_AccrualPayment"/>
  <testcase name="AccrualPayment" time="47.781" classname="com.digistores.testcases.TC_005_SWMPayment"/>
  <testcase name="AccrualPayment" time="32.438" classname="com.digistores.testcases.TC_006_Redemption"/>
</testsuite> <!-- BankingApp Test -->
